# JRE version: Java(TM) SE Runtime Environment (8.0_221-b11) (build 1.8.0_221-b11)
# Java VM: Java HotSpot(TM) 64-Bit Server VM (25.221-b11 mixed mode windows-amd64 compressed oops)
Heap:
 PSYoungGen      total 74240K, used 17722K [0x00000000eb180000, 0x00000000f0380000, 0x0000000100000000)
  eden space 65536K, 27% used [0x00000000eb180000,0x00000000ec2ce938,0x00000000ef180000)
  from space 8704K, 0% used [0x00000000efb00000,0x00000000efb00000,0x00000000f0380000)
  to   space 9216K, 0% used [0x00000000ef180000,0x00000000ef180000,0x00000000efa80000)
 ParOldGen       total 35840K, used 9304K [0x00000000c1400000, 0x00000000c3700000, 0x00000000eb180000)
  object space 35840K, 25% used [0x00000000c1400000,0x00000000c1d16318,0x00000000c3700000)
 Metaspace       used 24279K, capacity 24528K, committed 24960K, reserved 1071104K
  class space    used 3336K, capacity 3424K, committed 3456K, reserved 1048576K
GC Heap History (10 events):
Event: 1.214 GC heap before
{Heap before GC invocations=3 (full 0):
 PSYoungGen      total 18944K, used 16912K [0x00000000eb180000, 0x00000000ed680000, 0x0000000100000000)
  eden space 16384K, 100% used [0x00000000eb180000,0x00000000ec180000,0x00000000ec180000)
  from space 2560K, 20% used [0x00000000ec400000,0x00000000ec4840d0,0x00000000ec680000)
  to   space 2560K, 0% used [0x00000000ec180000,0x00000000ec180000,0x00000000ec400000)
 ParOldGen       total 44032K, used 8K [0x00000000c1400000, 0x00000000c3f00000, 0x00000000eb180000)
  object space 44032K, 0% used [0x00000000c1400000,0x00000000c1402000,0x00000000c3f00000)
 Metaspace       used 7793K, capacity 7966K, committed 8064K, reserved 1056768K
  class space    used 1025K, capacity 1083K, committed 1152K, reserved 1048576K
Event: 1.221 GC heap after
Heap after GC invocations=3 (full 0):
 PSYoungGen      total 18944K, used 2530K [0x00000000eb180000, 0x00000000ed680000, 0x0000000100000000)
  eden space 16384K, 0% used [0x00000000eb180000,0x00000000eb180000,0x00000000ec180000)
  from space 2560K, 98% used [0x00000000ec180000,0x00000000ec3f8ae0,0x00000000ec400000)
  to   space 2560K, 0% used [0x00000000ed400000,0x00000000ed400000,0x00000000ed680000)
 ParOldGen       total 44032K, used 1350K [0x00000000c1400000, 0x00000000c3f00000, 0x00000000eb180000)
  object space 44032K, 3% used [0x00000000c1400000,0x00000000c1551bb0,0x00000000c3f00000)
 Metaspace       used 7793K, capacity 7966K, committed 8064K, reserved 1056768K
  class space    used 1025K, capacity 1083K, committed 1152K, reserved 1048576K
}
Event: 2.276 GC heap before
{Heap before GC invocations=4 (full 0):
 PSYoungGen      total 18944K, used 18900K [0x00000000eb180000, 0x00000000ed680000, 0x0000000100000000)
  eden space 16384K, 99% used [0x00000000eb180000,0x00000000ec17c8a8,0x00000000ec180000)
  from space 2560K, 98% used [0x00000000ec180000,0x00000000ec3f8ae0,0x00000000ec400000)
  to   space 2560K, 0% used [0x00000000ed400000,0x00000000ed400000,0x00000000ed680000)
 ParOldGen       total 44032K, used 1350K [0x00000000c1400000, 0x00000000c3f00000, 0x00000000eb180000)
  object space 44032K, 3% used [0x00000000c1400000,0x00000000c1551bb0,0x00000000c3f00000)
 Metaspace       used 13105K, capacity 13300K, committed 13440K, reserved 1060864K
  class space    used 1730K, capacity 1814K, committed 1920K, reserved 1048576K
Event: 2.287 GC heap after
Heap after GC invocations=4 (full 0):
 PSYoungGen      total 35328K, used 2559K [0x00000000eb180000, 0x00000000ed680000, 0x0000000100000000)
  eden space 32768K, 0% used [0x00000000eb180000,0x00000000eb180000,0x00000000ed180000)
  from space 2560K, 99% used [0x00000000ed400000,0x00000000ed67ff48,0x00000000ed680000)
  to   space 2560K, 0% used [0x00000000ed180000,0x00000000ed180000,0x00000000ed400000)
 ParOldGen       total 44032K, used 3841K [0x00000000c1400000, 0x00000000c3f00000, 0x00000000eb180000)
  object space 44032K, 8% used [0x00000000c1400000,0x00000000c17c04c8,0x00000000c3f00000)
 Metaspace       used 13105K, capacity 13300K, committed 13440K, reserved 1060864K
  class space    used 1730K, capacity 1814K, committed 1920K, reserved 1048576K
}
Event: 3.743 GC heap before
{Heap before GC invocations=5 (full 0):
 PSYoungGen      total 35328K, used 35327K [0x00000000eb180000, 0x00000000ed680000, 0x0000000100000000)
  eden space 32768K, 100% used [0x00000000eb180000,0x00000000ed180000,0x00000000ed180000)
  from space 2560K, 99% used [0x00000000ed400000,0x00000000ed67ff48,0x00000000ed680000)
  to   space 2560K, 0% used [0x00000000ed180000,0x00000000ed180000,0x00000000ed400000)
 ParOldGen       total 44032K, used 3841K [0x00000000c1400000, 0x00000000c3f00000, 0x00000000eb180000)
  object space 44032K, 8% used [0x00000000c1400000,0x00000000c17c04c8,0x00000000c3f00000)
 Metaspace       used 20156K, capacity 20432K, committed 20864K, reserved 1067008K
  class space    used 2770K, capacity 2856K, committed 2944K, reserved 1048576K
Event: 3.759 GC heap after
Heap after GC invocations=5 (full 0):
 PSYoungGen      total 35328K, used 2544K [0x00000000eb180000, 0x00000000f0480000, 0x0000000100000000)
  eden space 32768K, 0% used [0x00000000eb180000,0x00000000eb180000,0x00000000ed180000)
  from space 2560K, 99% used [0x00000000ed180000,0x00000000ed3fc368,0x00000000ed400000)
  to   space 9728K, 0% used [0x00000000efb00000,0x00000000efb00000,0x00000000f0480000)
 ParOldGen       total 44032K, used 10026K [0x00000000c1400000, 0x00000000c3f00000, 0x00000000eb180000)
  object space 44032K, 22% used [0x00000000c1400000,0x00000000c1dcabc0,0x00000000c3f00000)
 Metaspace       used 20156K, capacity 20432K, committed 20864K, reserved 1067008K
  class space    used 2770K, capacity 2856K, committed 2944K, reserved 1048576K
}
Event: 3.877 GC heap before
{Heap before GC invocations=6 (full 0):
 PSYoungGen      total 35328K, used 6426K [0x00000000eb180000, 0x00000000f0480000, 0x0000000100000000)
  eden space 32768K, 11% used [0x00000000eb180000,0x00000000eb54a708,0x00000000ed180000)
  from space 2560K, 99% used [0x00000000ed180000,0x00000000ed3fc368,0x00000000ed400000)
  to   space 9728K, 0% used [0x00000000efb00000,0x00000000efb00000,0x00000000f0480000)
 ParOldGen       total 44032K, used 10026K [0x00000000c1400000, 0x00000000c3f00000, 0x00000000eb180000)
  object space 44032K, 22% used [0x00000000c1400000,0x00000000c1dcabc0,0x00000000c3f00000)
 Metaspace       used 20784K, capacity 21012K, committed 21248K, reserved 1067008K
  class space    used 2875K, capacity 2986K, committed 3072K, reserved 1048576K
Event: 3.884 GC heap after
Heap after GC invocations=6 (full 0):
 PSYoungGen      total 74240K, used 3346K [0x00000000eb180000, 0x00000000f0380000, 0x0000000100000000)
  eden space 65536K, 0% used [0x00000000eb180000,0x00000000eb180000,0x00000000ef180000)
  from space 8704K, 38% used [0x00000000efb00000,0x00000000efe44b80,0x00000000f0380000)
  to   space 9216K, 0% used [0x00000000ef180000,0x00000000ef180000,0x00000000efa80000)
 ParOldGen       total 44032K, used 10034K [0x00000000c1400000, 0x00000000c3f00000, 0x00000000eb180000)
  object space 44032K, 22% used [0x00000000c1400000,0x00000000c1dccbc0,0x00000000c3f00000)
 Metaspace       used 20784K, capacity 21012K, committed 21248K, reserved 1067008K
  class space    used 2875K, capacity 2986K, committed 3072K, reserved 1048576K
}
Event: 3.884 GC heap before
{Heap before GC invocations=7 (full 1):
 PSYoungGen      total 74240K, used 3346K [0x00000000eb180000, 0x00000000f0380000, 0x0000000100000000)
  eden space 65536K, 0% used [0x00000000eb180000,0x00000000eb180000,0x00000000ef180000)
  from space 8704K, 38% used [0x00000000efb00000,0x00000000efe44b80,0x00000000f0380000)
  to   space 9216K, 0% used [0x00000000ef180000,0x00000000ef180000,0x00000000efa80000)
 ParOldGen       total 44032K, used 10034K [0x00000000c1400000, 0x00000000c3f00000, 0x00000000eb180000)
  object space 44032K, 22% used [0x00000000c1400000,0x00000000c1dccbc0,0x00000000c3f00000)
 Metaspace       used 20784K, capacity 21012K, committed 21248K, reserved 1067008K
  class space    used 2875K, capacity 2986K, committed 3072K, reserved 1048576K
Event: 3.931 GC heap after
Heap after GC invocations=7 (full 1):
 PSYoungGen      total 74240K, used 0K [0x00000000eb180000, 0x00000000f0380000, 0x0000000100000000)
  eden space 65536K, 0% used [0x00000000eb180000,0x00000000eb180000,0x00000000ef180000)
  from space 8704K, 0% used [0x00000000efb00000,0x00000000efb00000,0x00000000f0380000)
  to   space 9216K, 0% used [0x00000000ef180000,0x00000000ef180000,0x00000000efa80000)
 ParOldGen       total 35840K, used 9304K [0x00000000c1400000, 0x00000000c3700000, 0x00000000eb180000)
  object space 35840K, 25% used [0x00000000c1400000,0x00000000c1d16318,0x00000000c3700000)
 Metaspace       used 20784K, capacity 21012K, committed 21248K, reserved 1067008K
  class space    used 2875K, capacity 2986K, committed 3072K, reserved 1048576K
}

